d:\android1\arm\debug\libspine.a
d:\android2\arm\debug\libspine.a
d:\android1\libs\cocos2d\cocos2d\cocos\editor-support\spine\proj.android_ps\arm\debug\animation.o
d:\android1\libs\cocos2d\cocos2d\cocos\editor-support\spine\proj.android_ps\arm\debug\animationstate.o
d:\android1\libs\cocos2d\cocos2d\cocos\editor-support\spine\proj.android_ps\arm\debug\animationstatedata.o
d:\android1\libs\cocos2d\cocos2d\cocos\editor-support\spine\proj.android_ps\arm\debug\atlas.o
d:\android1\libs\cocos2d\cocos2d\cocos\editor-support\spine\proj.android_ps\arm\debug\atlasattachmentloader.o
d:\android1\libs\cocos2d\cocos2d\cocos\editor-support\spine\proj.android_ps\arm\debug\attachment.o
d:\android1\libs\cocos2d\cocos2d\cocos\editor-support\spine\proj.android_ps\arm\debug\attachmentloader.o
d:\android1\libs\cocos2d\cocos2d\cocos\editor-support\spine\proj.android_ps\arm\debug\bone.o
d:\android1\libs\cocos2d\cocos2d\cocos\editor-support\spine\proj.android_ps\arm\debug\bonedata.o
d:\android1\libs\cocos2d\cocos2d\cocos\editor-support\spine\proj.android_ps\arm\debug\boundingboxattachment.o
d:\android1\libs\cocos2d\cocos2d\cocos\editor-support\spine\proj.android_ps\arm\debug\event.o
d:\android1\libs\cocos2d\cocos2d\cocos\editor-support\spine\proj.android_ps\arm\debug\eventdata.o
d:\android1\libs\cocos2d\cocos2d\cocos\editor-support\spine\proj.android_ps\arm\debug\extension.o
d:\android1\libs\cocos2d\cocos2d\cocos\editor-support\spine\proj.android_ps\arm\debug\ikconstraint.o
d:\android1\libs\cocos2d\cocos2d\cocos\editor-support\spine\proj.android_ps\arm\debug\ikconstraintdata.o
d:\android1\libs\cocos2d\cocos2d\cocos\editor-support\spine\proj.android_ps\arm\debug\json.o
d:\android1\libs\cocos2d\cocos2d\cocos\editor-support\spine\proj.android_ps\arm\debug\meshattachment.o
d:\android1\libs\cocos2d\cocos2d\cocos\editor-support\spine\proj.android_ps\arm\debug\polygonbatch.o
d:\android1\libs\cocos2d\cocos2d\cocos\editor-support\spine\proj.android_ps\arm\debug\regionattachment.o
d:\android1\libs\cocos2d\cocos2d\cocos\editor-support\spine\proj.android_ps\arm\debug\skeleton.o
d:\android1\libs\cocos2d\cocos2d\cocos\editor-support\spine\proj.android_ps\arm\debug\skeletonanimation.o
d:\android1\libs\cocos2d\cocos2d\cocos\editor-support\spine\proj.android_ps\arm\debug\skeletonbounds.o
d:\android1\libs\cocos2d\cocos2d\cocos\editor-support\spine\proj.android_ps\arm\debug\skeletondata.o
d:\android1\libs\cocos2d\cocos2d\cocos\editor-support\spine\proj.android_ps\arm\debug\skeletonjson.o
d:\android1\libs\cocos2d\cocos2d\cocos\editor-support\spine\proj.android_ps\arm\debug\skeletonrenderer.o
d:\android1\libs\cocos2d\cocos2d\cocos\editor-support\spine\proj.android_ps\arm\debug\skin.o
d:\android1\libs\cocos2d\cocos2d\cocos\editor-support\spine\proj.android_ps\arm\debug\skinnedmeshattachment.o
d:\android1\libs\cocos2d\cocos2d\cocos\editor-support\spine\proj.android_ps\arm\debug\slot.o
d:\android1\libs\cocos2d\cocos2d\cocos\editor-support\spine\proj.android_ps\arm\debug\slotdata.o
d:\android1\libs\cocos2d\cocos2d\cocos\editor-support\spine\proj.android_ps\arm\debug\spine-cocos2dx.o
d:\android2\libs\cocos2d\cocos2d\cocos\editor-support\spine\proj.android_ps\arm\debug\animation.o
d:\android2\libs\cocos2d\cocos2d\cocos\editor-support\spine\proj.android_ps\arm\debug\animationstate.o
d:\android2\libs\cocos2d\cocos2d\cocos\editor-support\spine\proj.android_ps\arm\debug\animationstatedata.o
d:\android2\libs\cocos2d\cocos2d\cocos\editor-support\spine\proj.android_ps\arm\debug\atlas.o
d:\android2\libs\cocos2d\cocos2d\cocos\editor-support\spine\proj.android_ps\arm\debug\atlasattachmentloader.o
d:\android2\libs\cocos2d\cocos2d\cocos\editor-support\spine\proj.android_ps\arm\debug\attachment.o
d:\android2\libs\cocos2d\cocos2d\cocos\editor-support\spine\proj.android_ps\arm\debug\attachmentloader.o
d:\android2\libs\cocos2d\cocos2d\cocos\editor-support\spine\proj.android_ps\arm\debug\bone.o
d:\android2\libs\cocos2d\cocos2d\cocos\editor-support\spine\proj.android_ps\arm\debug\bonedata.o
d:\android2\libs\cocos2d\cocos2d\cocos\editor-support\spine\proj.android_ps\arm\debug\boundingboxattachment.o
d:\android2\libs\cocos2d\cocos2d\cocos\editor-support\spine\proj.android_ps\arm\debug\event.o
d:\android2\libs\cocos2d\cocos2d\cocos\editor-support\spine\proj.android_ps\arm\debug\eventdata.o
d:\android2\libs\cocos2d\cocos2d\cocos\editor-support\spine\proj.android_ps\arm\debug\extension.o
d:\android2\libs\cocos2d\cocos2d\cocos\editor-support\spine\proj.android_ps\arm\debug\ikconstraint.o
d:\android2\libs\cocos2d\cocos2d\cocos\editor-support\spine\proj.android_ps\arm\debug\ikconstraintdata.o
d:\android2\libs\cocos2d\cocos2d\cocos\editor-support\spine\proj.android_ps\arm\debug\json.o
d:\android2\libs\cocos2d\cocos2d\cocos\editor-support\spine\proj.android_ps\arm\debug\meshattachment.o
d:\android2\libs\cocos2d\cocos2d\cocos\editor-support\spine\proj.android_ps\arm\debug\polygonbatch.o
d:\android2\libs\cocos2d\cocos2d\cocos\editor-support\spine\proj.android_ps\arm\debug\regionattachment.o
d:\android2\libs\cocos2d\cocos2d\cocos\editor-support\spine\proj.android_ps\arm\debug\skeleton.o
d:\android2\libs\cocos2d\cocos2d\cocos\editor-support\spine\proj.android_ps\arm\debug\skeletonanimation.o
d:\android2\libs\cocos2d\cocos2d\cocos\editor-support\spine\proj.android_ps\arm\debug\skeletonbounds.o
d:\android2\libs\cocos2d\cocos2d\cocos\editor-support\spine\proj.android_ps\arm\debug\skeletondata.o
d:\android2\libs\cocos2d\cocos2d\cocos\editor-support\spine\proj.android_ps\arm\debug\skeletonjson.o
d:\android2\libs\cocos2d\cocos2d\cocos\editor-support\spine\proj.android_ps\arm\debug\skeletonrenderer.o
d:\android2\libs\cocos2d\cocos2d\cocos\editor-support\spine\proj.android_ps\arm\debug\skin.o
d:\android2\libs\cocos2d\cocos2d\cocos\editor-support\spine\proj.android_ps\arm\debug\skinnedmeshattachment.o
d:\android2\libs\cocos2d\cocos2d\cocos\editor-support\spine\proj.android_ps\arm\debug\slot.o
d:\android2\libs\cocos2d\cocos2d\cocos\editor-support\spine\proj.android_ps\arm\debug\slotdata.o
d:\android2\libs\cocos2d\cocos2d\cocos\editor-support\spine\proj.android_ps\arm\debug\spine-cocos2dx.o
d:\android1\arm\debug\libspine.a.recipe
d:\android2\arm\debug\libspine.a.recipe
d:\android2\libs\cocos2d\cocos2d\cocos\editor-support\spine\proj.android_ps\arm\debug\spine.tlog\arm-linux-androideabi-ar.command.1.tlog
d:\android2\libs\cocos2d\cocos2d\cocos\editor-support\spine\proj.android_ps\arm\debug\spine.tlog\arm-linux-androideabi-ar.read.1.tlog
d:\android2\libs\cocos2d\cocos2d\cocos\editor-support\spine\proj.android_ps\arm\debug\spine.tlog\arm-linux-androideabi-ar.write.1.tlog
d:\android2\libs\cocos2d\cocos2d\cocos\editor-support\spine\proj.android_ps\arm\debug\spine.tlog\clang.command.1.tlog
d:\android2\libs\cocos2d\cocos2d\cocos\editor-support\spine\proj.android_ps\arm\debug\spine.tlog\microsoft.build.cpptasks.clangcompile.read.1.tlog
d:\android2\libs\cocos2d\cocos2d\cocos\editor-support\spine\proj.android_ps\arm\debug\spine.tlog\microsoft.build.cpptasks.clangcompile.write.1.tlog
d:\android2\libs\cocos2d\cocos2d\cocos\editor-support\spine\proj.android_ps\arm\debug\spine.tlog\spine.write.1u.tlog
